<?xml version="1.0" encoding="UTF-8"?>
<testsuite name="PhoneBookTest" tests="1" skipped="0" failures="0" errors="0" timestamp="2020-07-27T21:20:34" hostname="Mays" time="201.026">
  <properties/>
  <testcase name="start" classname="PhoneBookTest" time="201.026"/>
  <system-out><![CDATA[?[1;31m
Start test 1?[0m
Start searching (linear search)...
Found 500 / 500. Time taken: 0 min. 12 sec. 453ms.

Start searching (bubble sort + jump search)...
Found 500 / 500. Time taken: 2 min. 52 sec. 171ms.
Sorting time: 2 min. 52 sec. 98ms.
Searching time: 0 min. 0 sec. 73ms.

Start searching (quick sort + binary search)...
Found 500 / 500. Time taken: 0 min. 15 sec. 267ms.
Sorting time: 0 min. 15 sec. 257ms.
Searching time: 0 min. 0 sec. 10ms.

Start searching (hash table)...
Found 500 / 500. Time taken: 0 min. 0 sec. 374ms.
Creating time: 0 min. 0 sec. 373ms.
Searching time: 0 min. 0 sec. 0ms.

]]></system-out>
  <system-err><![CDATA[]]></system-err>
</testsuite>
